Build started 9/15/2015 6:49:04 PM.
     1>Project "C:\Users\u0942900\Documents\Visual Studio 2015\Projects\RayCast_Shading\RayCast_Renderer\RayCast_Renderer\RayCast_Renderer.vcxproj" on node 2 (Build target(s)).
     1>InitializeBuildStatus:
         Creating "Debug\RayCast_Renderer.tlog\unsuccessfulbuild" because "AlwaysCreate" was specified.
       ClCompile:
         C:\Program Files (x86)\Microsoft Visual Studio 14.0\VC\bin\CL.exe /c /ZI /nologo /W3 /WX- /Od /Oy- /D WIN32 /D _DEBUG /D _WINDOWS /D _MBCS /Gm /EHsc /RTC1 /MDd /GS /fp:precise /Zc:wchar_t /Zc:forScope /Zc:inline /Fo"Debug\\" /Fd"Debug\vc140.pdb" /Gd /TP /analyze- /errorReport:prompt main.cpp
         main.cpp
     1>c:\users\u0942900\documents\visual studio 2015\projects\raycast_shading\raycast_renderer\raycast_renderer\scene.h(378): warning C4996: 'fopen': This function or variable may be unsafe. Consider using fopen_s instead. To disable deprecation, use _CRT_SECURE_NO_WARNINGS. See online help for details.
         c:\program files (x86)\windows kits\10\include\10.0.10150.0\ucrt\stdio.h(205): note: see declaration of 'fopen'
       Link:
         C:\Program Files (x86)\Microsoft Visual Studio 14.0\VC\bin\link.exe /ERRORREPORT:PROMPT /OUT:"C:\Users\u0942900\Documents\Visual Studio 2015\Projects\RayCast_Shading\RayCast_Renderer\RayCast_Renderer\Debug\RayCast_Renderer.exe" /INCREMENTAL /NOLOGO /LIBPATH:"C:\Program Files (x86)\NVIDIA Corporation\Cg\lib" "C:\Program Files (x86)\NVIDIA Corporation\Cg\lib\glut32.lib" kernel32.lib user32.lib gdi32.lib winspool.lib comdlg32.lib advapi32.lib shell32.lib ole32.lib oleaut32.lib uuid.lib odbc32.lib odbccp32.lib /MANIFEST /MANIFESTUAC:"level='asInvoker' uiAccess='false'" /manifest:embed /Debug /PDB:"C:\Users\u0942900\Documents\Visual Studio 2015\Projects\RayCast_Shading\RayCast_Renderer\RayCast_Renderer\Debug\RayCast_Renderer.pdb" /SUBSYSTEM:CONSOLE /TLBID:1 /DYNAMICBASE /NXCOMPAT /IMPLIB:"C:\Users\u0942900\Documents\Visual Studio 2015\Projects\RayCast_Shading\RayCast_Renderer\RayCast_Renderer\Debug\RayCast_Renderer.lib" /MACHINE:X86 Debug\main.obj
         Debug\Objects.obj
         Debug\tinystr.obj
         Debug\tinyxml.obj
         Debug\tinyxmlerror.obj
         Debug\tinyxmlparser.obj
         Debug\viewport.obj
         Debug\xmlload.obj
         RayCast_Renderer.vcxproj -> C:\Users\u0942900\Documents\Visual Studio 2015\Projects\RayCast_Shading\RayCast_Renderer\RayCast_Renderer\Debug\RayCast_Renderer.exe
       FinalizeBuildStatus:
         Deleting file "Debug\RayCast_Renderer.tlog\unsuccessfulbuild".
         Touching "Debug\RayCast_Renderer.tlog\RayCast_Renderer.lastbuildstate".
     1>Done Building Project "C:\Users\u0942900\Documents\Visual Studio 2015\Projects\RayCast_Shading\RayCast_Renderer\RayCast_Renderer\RayCast_Renderer.vcxproj" (Build target(s)).

Build succeeded.

Time Elapsed 00:00:00.34
