c:\users\u0942900\documents\visual studio 2015\projects\raycast_shading\raycast_renderer\raycast_renderer\debug\vc140.pdb
c:\users\u0942900\documents\visual studio 2015\projects\raycast_shading\raycast_renderer\raycast_renderer\debug\vc140.idb
c:\users\u0942900\documents\visual studio 2015\projects\raycast_shading\raycast_renderer\raycast_renderer\debug\main.obj
c:\users\u0942900\documents\visual studio 2015\projects\raycast_shading\raycast_renderer\raycast_renderer\debug\objects.obj
c:\users\u0942900\documents\visual studio 2015\projects\raycast_shading\raycast_renderer\raycast_renderer\debug\tinystr.obj
c:\users\u0942900\documents\visual studio 2015\projects\raycast_shading\raycast_renderer\raycast_renderer\debug\tinyxml.obj
c:\users\u0942900\documents\visual studio 2015\projects\raycast_shading\raycast_renderer\raycast_renderer\debug\tinyxmlerror.obj
c:\users\u0942900\documents\visual studio 2015\projects\raycast_shading\raycast_renderer\raycast_renderer\debug\tinyxmlparser.obj
c:\users\u0942900\documents\visual studio 2015\projects\raycast_shading\raycast_renderer\raycast_renderer\debug\viewport.obj
c:\users\u0942900\documents\visual studio 2015\projects\raycast_shading\raycast_renderer\raycast_renderer\debug\xmlload.obj
c:\users\u0942900\documents\visual studio 2015\projects\raycast_shading\raycast_renderer\raycast_renderer\debug\raycast_renderer.pdb
c:\users\u0942900\documents\visual studio 2015\projects\raycast_shading\raycast_renderer\raycast_renderer\debug\raycast_renderer.tlog\cl.command.1.tlog
c:\users\u0942900\documents\visual studio 2015\projects\raycast_shading\raycast_renderer\raycast_renderer\debug\raycast_renderer.tlog\cl.read.1.tlog
c:\users\u0942900\documents\visual studio 2015\projects\raycast_shading\raycast_renderer\raycast_renderer\debug\raycast_renderer.tlog\cl.write.1.tlog
c:\users\u0942900\documents\visual studio 2015\projects\raycast_shading\raycast_renderer\raycast_renderer\debug\raycast_renderer.tlog\link.14596-cvtres.read.1.tlog
c:\users\u0942900\documents\visual studio 2015\projects\raycast_shading\raycast_renderer\raycast_renderer\debug\raycast_renderer.tlog\link.14596-cvtres.write.1.tlog
c:\users\u0942900\documents\visual studio 2015\projects\raycast_shading\raycast_renderer\raycast_renderer\debug\raycast_renderer.tlog\link.14596-rc.read.1.tlog
c:\users\u0942900\documents\visual studio 2015\projects\raycast_shading\raycast_renderer\raycast_renderer\debug\raycast_renderer.tlog\link.14596-rc.write.1.tlog
c:\users\u0942900\documents\visual studio 2015\projects\raycast_shading\raycast_renderer\raycast_renderer\debug\raycast_renderer.tlog\link.14596.read.1.tlog
c:\users\u0942900\documents\visual studio 2015\projects\raycast_shading\raycast_renderer\raycast_renderer\debug\raycast_renderer.tlog\link.14596.write.1.tlog
c:\users\u0942900\documents\visual studio 2015\projects\raycast_shading\raycast_renderer\raycast_renderer\debug\raycast_renderer.tlog\link.command.1.tlog
c:\users\u0942900\documents\visual studio 2015\projects\raycast_shading\raycast_renderer\raycast_renderer\debug\raycast_renderer.tlog\link.read.1.tlog
c:\users\u0942900\documents\visual studio 2015\projects\raycast_shading\raycast_renderer\raycast_renderer\debug\raycast_renderer.tlog\link.write.1.tlog
